<?xml version="1.0" encoding="UTF-8"?>
<!-- Generated by org.testng.reporters.JUnitXMLReporter -->
<testsuite ignored="0" hostname="Ranjeet-MacBook-Pro.local" failures="1" tests="1" name="Test" time="31.202" errors="0" timestamp="2025-01-27T20:33:04 IST">
  <testcase classname="testCases.TC02_LoginTest" name="verify_Login" time="18.555">
    <failure type="java.lang.AssertionError" message="Failed to navigate to &amp;apos;My Account&amp;apos; page. expected [true] but found [false]">
      <![CDATA[java.lang.AssertionError: Failed to navigate to 'My Account' page. expected [true] but found [false]
at testCases.TC02_LoginTest.verify_Login(TC02_LoginTest.java:46)
at java.base/java.util.ArrayList.forEach(ArrayList.java:1511)
... Removed 32 stack frames]]>
    </failure>
  </testcase> <!-- verify_Login -->
</testsuite> <!-- Test -->
